d:\резерв\институт, work и др\google диск\институт\7 основы разработки компьютерных игр\dragon lands посл\debug\dragonlands.bsc
d:\резерв\институт, work и др\google диск\институт\7 основы разработки компьютерных игр\dragon lands посл\debug\vc140.pdb
d:\резерв\институт, work и др\google диск\институт\7 основы разработки компьютерных игр\dragon lands посл\debug\vc140.idb
d:\резерв\институт, work и др\google диск\институт\7 основы разработки компьютерных игр\dragon lands посл\debug\utils.sbr
d:\резерв\институт, work и др\google диск\институт\7 основы разработки компьютерных игр\dragon lands посл\debug\maps.sbr
d:\резерв\институт, work и др\google диск\институт\7 основы разработки компьютерных игр\dragon lands посл\debug\main.sbr
d:\резерв\институт, work и др\google диск\институт\7 основы разработки компьютерных игр\dragon lands посл\debug\dialogs.sbr
d:\резерв\институт, work и др\google диск\институт\7 основы разработки компьютерных игр\dragon lands посл\debug\actor.sbr
d:\резерв\институт, work и др\google диск\институт\7 основы разработки компьютерных игр\dragon lands посл\debug\actor.obj
d:\резерв\институт, work и др\google диск\институт\7 основы разработки компьютерных игр\dragon lands посл\debug\dialogs.obj
d:\резерв\институт, work и др\google диск\институт\7 основы разработки компьютерных игр\dragon lands посл\debug\main.obj
d:\резерв\институт, work и др\google диск\институт\7 основы разработки компьютерных игр\dragon lands посл\debug\maps.obj
d:\резерв\институт, work и др\google диск\институт\7 основы разработки компьютерных игр\dragon lands посл\debug\utils.obj
d:\резерв\институт, work и др\google диск\институт\7 основы разработки компьютерных игр\dragon lands посл\debug\dragonlands.ilk
d:\резерв\институт, work и др\google диск\институт\7 основы разработки компьютерных игр\dragon lands посл\debug\dragonlands.exe
d:\резерв\институт, work и др\google диск\институт\7 основы разработки компьютерных игр\dragon lands посл\debug\dragonlands.pdb
d:\резерв\институт, work и др\google диск\институт\7 основы разработки компьютерных игр\dragon lands посл\debug\dragonlands.tlog\bscmake.command.1.tlog
d:\резерв\институт, work и др\google диск\институт\7 основы разработки компьютерных игр\dragon lands посл\debug\dragonlands.tlog\bscmake.read.1.tlog
d:\резерв\институт, work и др\google диск\институт\7 основы разработки компьютерных игр\dragon lands посл\debug\dragonlands.tlog\bscmake.write.1.tlog
d:\резерв\институт, work и др\google диск\институт\7 основы разработки компьютерных игр\dragon lands посл\debug\dragonlands.tlog\cl.command.1.tlog
d:\резерв\институт, work и др\google диск\институт\7 основы разработки компьютерных игр\dragon lands посл\debug\dragonlands.tlog\cl.read.1.tlog
d:\резерв\институт, work и др\google диск\институт\7 основы разработки компьютерных игр\dragon lands посл\debug\dragonlands.tlog\cl.write.1.tlog
d:\резерв\институт, work и др\google диск\институт\7 основы разработки компьютерных игр\dragon lands посл\debug\dragonlands.tlog\link.command.1.tlog
d:\резерв\институт, work и др\google диск\институт\7 основы разработки компьютерных игр\dragon lands посл\debug\dragonlands.tlog\link.read.1.tlog
d:\резерв\институт, work и др\google диск\институт\7 основы разработки компьютерных игр\dragon lands посл\debug\dragonlands.tlog\link.write.1.tlog
